2017-01-29 16:17:20 Add_producto: Array
(
    [id] => 1
    [cantidad] => 1
)

2017-01-29 16:17:51 Add_producto: Array
(
    [id] => 1
    [cantidad] => 1
)

2017-01-29 16:17:57 Add_producto: Array
(
    [id] => 1
    [cantidad] => 1
)

2017-01-29 16:18:18 Add_producto: Array
(
    [id] => 1
    [cantidad] => 1
)

2017-01-29 16:18:19 Add_producto: Array
(
    [id] => 1
    [cantidad] => 1
)

2017-01-29 16:18:19 Add_producto: Array
(
    [id] => 1
    [cantidad] => 1
)

2017-01-29 16:18:20 Add_producto: Array
(
    [id] => 1
    [cantidad] => 1
)

2017-01-29 16:18:20 Add_producto: Array
(
    [id] => 1
    [cantidad] => 1
)

2017-01-29 16:18:20 Add_producto: Array
(
    [id] => 1
    [cantidad] => 1
)

2017-01-29 16:18:23 Add_producto: Array
(
    [id] => 1
    [cantidad] => 1
)

2017-01-29 16:18:23 Add_producto: Array
(
    [id] => 1
    [cantidad] => 1
)

2017-01-29 16:18:23 Add_producto: Array
(
    [id] => 1
    [cantidad] => 1
)

2017-01-29 16:18:23 Add_producto: Array
(
    [id] => 1
    [cantidad] => 1
)

2017-01-29 16:18:24 Add_producto: Array
(
    [id] => 1
    [cantidad] => 1
)

2017-01-29 16:18:24 Add_producto: Array
(
    [id] => 1
    [cantidad] => 1
)

2017-01-29 16:18:25 Add_producto: Array
(
    [id] => 1
    [cantidad] => 1
)

2017-01-29 16:18:25 Add_producto: Array
(
    [id] => 1
    [cantidad] => 1
)

2017-01-29 16:18:25 Add_producto: Array
(
    [id] => 1
    [cantidad] => 1
)

2017-01-29 16:18:28 Add_producto: Array
(
    [id] => 1
    [cantidad] => 1
)

2017-01-29 16:18:28 Add_producto: Array
(
    [id] => 1
    [cantidad] => 1
)

2017-01-29 16:18:28 Add_producto: Array
(
    [id] => 1
    [cantidad] => 1
)

2017-01-29 16:18:28 Add_producto: Array
(
    [id] => 1
    [cantidad] => 1
)

2017-01-29 16:18:29 Add_producto: Array
(
    [id] => 1
    [cantidad] => 1
)

2017-01-29 16:18:29 Add_producto: Array
(
    [id] => 1
    [cantidad] => 1
)

2017-01-29 16:18:29 Add_producto: Array
(
    [id] => 1
    [cantidad] => 1
)

