2017-02-27 14:37:45 Debug: Notice (8): Array to string conversion in [C:\xampp3\htdocs\STRATEGEE\ANALYZER\lib\Cake\View\View.php, line 1087]
Trace:
View::_getElementFileName() - CORE\Cake\View\View.php, line 1087
View::element() - CORE\Cake\View\View.php, line 406
SessionHelper::flash() - CORE\Cake\View\Helper\SessionHelper.php, line 147
include - APP\View\Layouts\default.ctp, line 28
View::_evaluate() - CORE\Cake\View\View.php, line 931
View::_render() - CORE\Cake\View\View.php, line 893
View::renderLayout() - CORE\Cake\View\View.php, line 525
View::render() - CORE\Cake\View\View.php, line 470
Controller::render() - CORE\Cake\Controller\Controller.php, line 952
Dispatcher::_invoke() - CORE\Cake\Routing\Dispatcher.php, line 194
Dispatcher::dispatch() - CORE\Cake\Routing\Dispatcher.php, line 162
[main] - APP\webroot\index.php, line 111

2017-02-27 14:37:45 Debug: Notice (8): Array to string conversion in [C:\xampp3\htdocs\STRATEGEE\ANALYZER\lib\Cake\View\View.php, line 1087]
Trace:
View::_getElementFileName() - CORE\Cake\View\View.php, line 1087
View::element() - CORE\Cake\View\View.php, line 406
SessionHelper::flash() - CORE\Cake\View\Helper\SessionHelper.php, line 147
include - APP\View\Layouts\default.ctp, line 28
View::_evaluate() - CORE\Cake\View\View.php, line 931
View::_render() - CORE\Cake\View\View.php, line 893
View::renderLayout() - CORE\Cake\View\View.php, line 525
View::render() - CORE\Cake\View\View.php, line 470
Controller::render() - CORE\Cake\Controller\Controller.php, line 952
Dispatcher::_invoke() - CORE\Cake\Routing\Dispatcher.php, line 194
Dispatcher::dispatch() - CORE\Cake\Routing\Dispatcher.php, line 162
[main] - APP\webroot\index.php, line 111

2017-02-27 14:37:45 Debug: Notice (8): Array to string conversion in [C:\xampp3\htdocs\STRATEGEE\ANALYZER\lib\Cake\View\View.php, line 1087]
Trace:
View::_getElementFileName() - CORE\Cake\View\View.php, line 1087
View::element() - CORE\Cake\View\View.php, line 406
SessionHelper::flash() - CORE\Cake\View\Helper\SessionHelper.php, line 147
include - APP\View\Layouts\default.ctp, line 28
View::_evaluate() - CORE\Cake\View\View.php, line 931
View::_render() - CORE\Cake\View\View.php, line 893
View::renderLayout() - CORE\Cake\View\View.php, line 525
View::render() - CORE\Cake\View\View.php, line 470
Controller::render() - CORE\Cake\Controller\Controller.php, line 952
Dispatcher::_invoke() - CORE\Cake\Routing\Dispatcher.php, line 194
Dispatcher::dispatch() - CORE\Cake\Routing\Dispatcher.php, line 162
[main] - APP\webroot\index.php, line 111

2017-02-27 14:37:45 Debug: Notice (8): Undefined offset: 0 in [C:\xampp3\htdocs\STRATEGEE\ANALYZER\lib\Cake\basics.php, line 223]
Trace:
pluginSplit - CORE\Cake\basics.php, line 223
View::element() - CORE\Cake\View\View.php, line 412
SessionHelper::flash() - CORE\Cake\View\Helper\SessionHelper.php, line 147
include - APP\View\Layouts\default.ctp, line 28
View::_evaluate() - CORE\Cake\View\View.php, line 931
View::_render() - CORE\Cake\View\View.php, line 893
View::renderLayout() - CORE\Cake\View\View.php, line 525
View::render() - CORE\Cake\View\View.php, line 470
Controller::render() - CORE\Cake\Controller\Controller.php, line 952
Dispatcher::_invoke() - CORE\Cake\Routing\Dispatcher.php, line 194
Dispatcher::dispatch() - CORE\Cake\Routing\Dispatcher.php, line 162
[main] - APP\webroot\index.php, line 111

2017-02-27 14:37:45 Debug: Notice (8): Undefined offset: 1 in [C:\xampp3\htdocs\STRATEGEE\ANALYZER\lib\Cake\View\View.php, line 412]
Trace:
View::element() - CORE\Cake\View\View.php, line 412
SessionHelper::flash() - CORE\Cake\View\Helper\SessionHelper.php, line 147
include - APP\View\Layouts\default.ctp, line 28
View::_evaluate() - CORE\Cake\View\View.php, line 931
View::_render() - CORE\Cake\View\View.php, line 893
View::renderLayout() - CORE\Cake\View\View.php, line 525
View::render() - CORE\Cake\View\View.php, line 470
Controller::render() - CORE\Cake\Controller\Controller.php, line 952
Dispatcher::_invoke() - CORE\Cake\Routing\Dispatcher.php, line 194
Dispatcher::dispatch() - CORE\Cake\Routing\Dispatcher.php, line 162
[main] - APP\webroot\index.php, line 111

2017-02-27 14:37:45 Debug: Notice (1024): Element Not Found: .Elements\.ctp in [C:\xampp3\htdocs\STRATEGEE\ANALYZER\lib\Cake\View\View.php, line 415]
Trace:
View::element() - CORE\Cake\View\View.php, line 415
SessionHelper::flash() - CORE\Cake\View\Helper\SessionHelper.php, line 147
include - APP\View\Layouts\default.ctp, line 28
View::_evaluate() - CORE\Cake\View\View.php, line 931
View::_render() - CORE\Cake\View\View.php, line 893
View::renderLayout() - CORE\Cake\View\View.php, line 525
View::render() - CORE\Cake\View\View.php, line 470
Controller::render() - CORE\Cake\Controller\Controller.php, line 952
Dispatcher::_invoke() - CORE\Cake\Routing\Dispatcher.php, line 194
Dispatcher::dispatch() - CORE\Cake\Routing\Dispatcher.php, line 162
[main] - APP\webroot\index.php, line 111

2017-02-27 15:44:15 Debug: Notice (8): Array to string conversion in [C:\xampp3\htdocs\STRATEGEE\ANALYZER\lib\Cake\View\View.php, line 1087]
Trace:
View::_getElementFileName() - CORE\Cake\View\View.php, line 1087
View::element() - CORE\Cake\View\View.php, line 406
SessionHelper::flash() - CORE\Cake\View\Helper\SessionHelper.php, line 147
include - APP\View\Layouts\default.ctp, line 28
View::_evaluate() - CORE\Cake\View\View.php, line 931
View::_render() - CORE\Cake\View\View.php, line 893
View::renderLayout() - CORE\Cake\View\View.php, line 525
View::render() - CORE\Cake\View\View.php, line 470
Controller::render() - CORE\Cake\Controller\Controller.php, line 952
Dispatcher::_invoke() - CORE\Cake\Routing\Dispatcher.php, line 194
Dispatcher::dispatch() - CORE\Cake\Routing\Dispatcher.php, line 162
[main] - APP\webroot\index.php, line 111

2017-02-27 15:44:15 Debug: Notice (8): Array to string conversion in [C:\xampp3\htdocs\STRATEGEE\ANALYZER\lib\Cake\View\View.php, line 1087]
Trace:
View::_getElementFileName() - CORE\Cake\View\View.php, line 1087
View::element() - CORE\Cake\View\View.php, line 406
SessionHelper::flash() - CORE\Cake\View\Helper\SessionHelper.php, line 147
include - APP\View\Layouts\default.ctp, line 28
View::_evaluate() - CORE\Cake\View\View.php, line 931
View::_render() - CORE\Cake\View\View.php, line 893
View::renderLayout() - CORE\Cake\View\View.php, line 525
View::render() - CORE\Cake\View\View.php, line 470
Controller::render() - CORE\Cake\Controller\Controller.php, line 952
Dispatcher::_invoke() - CORE\Cake\Routing\Dispatcher.php, line 194
Dispatcher::dispatch() - CORE\Cake\Routing\Dispatcher.php, line 162
[main] - APP\webroot\index.php, line 111

2017-02-27 15:44:15 Debug: Notice (8): Array to string conversion in [C:\xampp3\htdocs\STRATEGEE\ANALYZER\lib\Cake\View\View.php, line 1087]
Trace:
View::_getElementFileName() - CORE\Cake\View\View.php, line 1087
View::element() - CORE\Cake\View\View.php, line 406
SessionHelper::flash() - CORE\Cake\View\Helper\SessionHelper.php, line 147
include - APP\View\Layouts\default.ctp, line 28
View::_evaluate() - CORE\Cake\View\View.php, line 931
View::_render() - CORE\Cake\View\View.php, line 893
View::renderLayout() - CORE\Cake\View\View.php, line 525
View::render() - CORE\Cake\View\View.php, line 470
Controller::render() - CORE\Cake\Controller\Controller.php, line 952
Dispatcher::_invoke() - CORE\Cake\Routing\Dispatcher.php, line 194
Dispatcher::dispatch() - CORE\Cake\Routing\Dispatcher.php, line 162
[main] - APP\webroot\index.php, line 111

2017-02-27 15:44:15 Debug: Notice (8): Undefined offset: 0 in [C:\xampp3\htdocs\STRATEGEE\ANALYZER\lib\Cake\basics.php, line 223]
Trace:
pluginSplit - CORE\Cake\basics.php, line 223
View::element() - CORE\Cake\View\View.php, line 412
SessionHelper::flash() - CORE\Cake\View\Helper\SessionHelper.php, line 147
include - APP\View\Layouts\default.ctp, line 28
View::_evaluate() - CORE\Cake\View\View.php, line 931
View::_render() - CORE\Cake\View\View.php, line 893
View::renderLayout() - CORE\Cake\View\View.php, line 525
View::render() - CORE\Cake\View\View.php, line 470
Controller::render() - CORE\Cake\Controller\Controller.php, line 952
Dispatcher::_invoke() - CORE\Cake\Routing\Dispatcher.php, line 194
Dispatcher::dispatch() - CORE\Cake\Routing\Dispatcher.php, line 162
[main] - APP\webroot\index.php, line 111

2017-02-27 15:44:15 Debug: Notice (8): Undefined offset: 1 in [C:\xampp3\htdocs\STRATEGEE\ANALYZER\lib\Cake\View\View.php, line 412]
Trace:
View::element() - CORE\Cake\View\View.php, line 412
SessionHelper::flash() - CORE\Cake\View\Helper\SessionHelper.php, line 147
include - APP\View\Layouts\default.ctp, line 28
View::_evaluate() - CORE\Cake\View\View.php, line 931
View::_render() - CORE\Cake\View\View.php, line 893
View::renderLayout() - CORE\Cake\View\View.php, line 525
View::render() - CORE\Cake\View\View.php, line 470
Controller::render() - CORE\Cake\Controller\Controller.php, line 952
Dispatcher::_invoke() - CORE\Cake\Routing\Dispatcher.php, line 194
Dispatcher::dispatch() - CORE\Cake\Routing\Dispatcher.php, line 162
[main] - APP\webroot\index.php, line 111

2017-02-27 15:44:15 Debug: Notice (1024): Element Not Found: .Elements\.ctp in [C:\xampp3\htdocs\STRATEGEE\ANALYZER\lib\Cake\View\View.php, line 415]
Trace:
View::element() - CORE\Cake\View\View.php, line 415
SessionHelper::flash() - CORE\Cake\View\Helper\SessionHelper.php, line 147
include - APP\View\Layouts\default.ctp, line 28
View::_evaluate() - CORE\Cake\View\View.php, line 931
View::_render() - CORE\Cake\View\View.php, line 893
View::renderLayout() - CORE\Cake\View\View.php, line 525
View::render() - CORE\Cake\View\View.php, line 470
Controller::render() - CORE\Cake\Controller\Controller.php, line 952
Dispatcher::_invoke() - CORE\Cake\Routing\Dispatcher.php, line 194
Dispatcher::dispatch() - CORE\Cake\Routing\Dispatcher.php, line 162
[main] - APP\webroot\index.php, line 111

2017-02-27 15:45:06 Debug: Notice (8): Array to string conversion in [C:\xampp3\htdocs\STRATEGEE\ANALYZER\lib\Cake\View\View.php, line 1087]
Trace:
View::_getElementFileName() - CORE\Cake\View\View.php, line 1087
View::element() - CORE\Cake\View\View.php, line 406
SessionHelper::flash() - CORE\Cake\View\Helper\SessionHelper.php, line 147
include - APP\View\Layouts\default.ctp, line 28
View::_evaluate() - CORE\Cake\View\View.php, line 931
View::_render() - CORE\Cake\View\View.php, line 893
View::renderLayout() - CORE\Cake\View\View.php, line 525
View::render() - CORE\Cake\View\View.php, line 470
Controller::render() - CORE\Cake\Controller\Controller.php, line 952
Dispatcher::_invoke() - CORE\Cake\Routing\Dispatcher.php, line 194
Dispatcher::dispatch() - CORE\Cake\Routing\Dispatcher.php, line 162
[main] - APP\webroot\index.php, line 111

2017-02-27 15:45:06 Debug: Notice (8): Array to string conversion in [C:\xampp3\htdocs\STRATEGEE\ANALYZER\lib\Cake\View\View.php, line 1087]
Trace:
View::_getElementFileName() - CORE\Cake\View\View.php, line 1087
View::element() - CORE\Cake\View\View.php, line 406
SessionHelper::flash() - CORE\Cake\View\Helper\SessionHelper.php, line 147
include - APP\View\Layouts\default.ctp, line 28
View::_evaluate() - CORE\Cake\View\View.php, line 931
View::_render() - CORE\Cake\View\View.php, line 893
View::renderLayout() - CORE\Cake\View\View.php, line 525
View::render() - CORE\Cake\View\View.php, line 470
Controller::render() - CORE\Cake\Controller\Controller.php, line 952
Dispatcher::_invoke() - CORE\Cake\Routing\Dispatcher.php, line 194
Dispatcher::dispatch() - CORE\Cake\Routing\Dispatcher.php, line 162
[main] - APP\webroot\index.php, line 111

2017-02-27 15:45:06 Debug: Notice (8): Array to string conversion in [C:\xampp3\htdocs\STRATEGEE\ANALYZER\lib\Cake\View\View.php, line 1087]
Trace:
View::_getElementFileName() - CORE\Cake\View\View.php, line 1087
View::element() - CORE\Cake\View\View.php, line 406
SessionHelper::flash() - CORE\Cake\View\Helper\SessionHelper.php, line 147
include - APP\View\Layouts\default.ctp, line 28
View::_evaluate() - CORE\Cake\View\View.php, line 931
View::_render() - CORE\Cake\View\View.php, line 893
View::renderLayout() - CORE\Cake\View\View.php, line 525
View::render() - CORE\Cake\View\View.php, line 470
Controller::render() - CORE\Cake\Controller\Controller.php, line 952
Dispatcher::_invoke() - CORE\Cake\Routing\Dispatcher.php, line 194
Dispatcher::dispatch() - CORE\Cake\Routing\Dispatcher.php, line 162
[main] - APP\webroot\index.php, line 111

2017-02-27 15:45:06 Debug: Notice (8): Undefined offset: 0 in [C:\xampp3\htdocs\STRATEGEE\ANALYZER\lib\Cake\basics.php, line 223]
Trace:
pluginSplit - CORE\Cake\basics.php, line 223
View::element() - CORE\Cake\View\View.php, line 412
SessionHelper::flash() - CORE\Cake\View\Helper\SessionHelper.php, line 147
include - APP\View\Layouts\default.ctp, line 28
View::_evaluate() - CORE\Cake\View\View.php, line 931
View::_render() - CORE\Cake\View\View.php, line 893
View::renderLayout() - CORE\Cake\View\View.php, line 525
View::render() - CORE\Cake\View\View.php, line 470
Controller::render() - CORE\Cake\Controller\Controller.php, line 952
Dispatcher::_invoke() - CORE\Cake\Routing\Dispatcher.php, line 194
Dispatcher::dispatch() - CORE\Cake\Routing\Dispatcher.php, line 162
[main] - APP\webroot\index.php, line 111

2017-02-27 15:45:06 Debug: Notice (8): Undefined offset: 1 in [C:\xampp3\htdocs\STRATEGEE\ANALYZER\lib\Cake\View\View.php, line 412]
Trace:
View::element() - CORE\Cake\View\View.php, line 412
SessionHelper::flash() - CORE\Cake\View\Helper\SessionHelper.php, line 147
include - APP\View\Layouts\default.ctp, line 28
View::_evaluate() - CORE\Cake\View\View.php, line 931
View::_render() - CORE\Cake\View\View.php, line 893
View::renderLayout() - CORE\Cake\View\View.php, line 525
View::render() - CORE\Cake\View\View.php, line 470
Controller::render() - CORE\Cake\Controller\Controller.php, line 952
Dispatcher::_invoke() - CORE\Cake\Routing\Dispatcher.php, line 194
Dispatcher::dispatch() - CORE\Cake\Routing\Dispatcher.php, line 162
[main] - APP\webroot\index.php, line 111

2017-02-27 15:45:06 Debug: Notice (1024): Element Not Found: .Elements\.ctp in [C:\xampp3\htdocs\STRATEGEE\ANALYZER\lib\Cake\View\View.php, line 415]
Trace:
View::element() - CORE\Cake\View\View.php, line 415
SessionHelper::flash() - CORE\Cake\View\Helper\SessionHelper.php, line 147
include - APP\View\Layouts\default.ctp, line 28
View::_evaluate() - CORE\Cake\View\View.php, line 931
View::_render() - CORE\Cake\View\View.php, line 893
View::renderLayout() - CORE\Cake\View\View.php, line 525
View::render() - CORE\Cake\View\View.php, line 470
Controller::render() - CORE\Cake\Controller\Controller.php, line 952
Dispatcher::_invoke() - CORE\Cake\Routing\Dispatcher.php, line 194
Dispatcher::dispatch() - CORE\Cake\Routing\Dispatcher.php, line 162
[main] - APP\webroot\index.php, line 111

2017-02-27 15:45:48 Debug: Notice (8): Array to string conversion in [C:\xampp3\htdocs\STRATEGEE\ANALYZER\lib\Cake\View\View.php, line 1087]
Trace:
View::_getElementFileName() - CORE\Cake\View\View.php, line 1087
View::element() - CORE\Cake\View\View.php, line 406
SessionHelper::flash() - CORE\Cake\View\Helper\SessionHelper.php, line 147
include - APP\View\Layouts\default.ctp, line 28
View::_evaluate() - CORE\Cake\View\View.php, line 931
View::_render() - CORE\Cake\View\View.php, line 893
View::renderLayout() - CORE\Cake\View\View.php, line 525
View::render() - CORE\Cake\View\View.php, line 470
Controller::render() - CORE\Cake\Controller\Controller.php, line 952
Dispatcher::_invoke() - CORE\Cake\Routing\Dispatcher.php, line 194
Dispatcher::dispatch() - CORE\Cake\Routing\Dispatcher.php, line 162
[main] - APP\webroot\index.php, line 111

2017-02-27 15:45:48 Debug: Notice (8): Array to string conversion in [C:\xampp3\htdocs\STRATEGEE\ANALYZER\lib\Cake\View\View.php, line 1087]
Trace:
View::_getElementFileName() - CORE\Cake\View\View.php, line 1087
View::element() - CORE\Cake\View\View.php, line 406
SessionHelper::flash() - CORE\Cake\View\Helper\SessionHelper.php, line 147
include - APP\View\Layouts\default.ctp, line 28
View::_evaluate() - CORE\Cake\View\View.php, line 931
View::_render() - CORE\Cake\View\View.php, line 893
View::renderLayout() - CORE\Cake\View\View.php, line 525
View::render() - CORE\Cake\View\View.php, line 470
Controller::render() - CORE\Cake\Controller\Controller.php, line 952
Dispatcher::_invoke() - CORE\Cake\Routing\Dispatcher.php, line 194
Dispatcher::dispatch() - CORE\Cake\Routing\Dispatcher.php, line 162
[main] - APP\webroot\index.php, line 111

2017-02-27 15:45:48 Debug: Notice (8): Array to string conversion in [C:\xampp3\htdocs\STRATEGEE\ANALYZER\lib\Cake\View\View.php, line 1087]
Trace:
View::_getElementFileName() - CORE\Cake\View\View.php, line 1087
View::element() - CORE\Cake\View\View.php, line 406
SessionHelper::flash() - CORE\Cake\View\Helper\SessionHelper.php, line 147
include - APP\View\Layouts\default.ctp, line 28
View::_evaluate() - CORE\Cake\View\View.php, line 931
View::_render() - CORE\Cake\View\View.php, line 893
View::renderLayout() - CORE\Cake\View\View.php, line 525
View::render() - CORE\Cake\View\View.php, line 470
Controller::render() - CORE\Cake\Controller\Controller.php, line 952
Dispatcher::_invoke() - CORE\Cake\Routing\Dispatcher.php, line 194
Dispatcher::dispatch() - CORE\Cake\Routing\Dispatcher.php, line 162
[main] - APP\webroot\index.php, line 111

2017-02-27 15:45:48 Debug: Notice (8): Undefined offset: 0 in [C:\xampp3\htdocs\STRATEGEE\ANALYZER\lib\Cake\basics.php, line 223]
Trace:
pluginSplit - CORE\Cake\basics.php, line 223
View::element() - CORE\Cake\View\View.php, line 412
SessionHelper::flash() - CORE\Cake\View\Helper\SessionHelper.php, line 147
include - APP\View\Layouts\default.ctp, line 28
View::_evaluate() - CORE\Cake\View\View.php, line 931
View::_render() - CORE\Cake\View\View.php, line 893
View::renderLayout() - CORE\Cake\View\View.php, line 525
View::render() - CORE\Cake\View\View.php, line 470
Controller::render() - CORE\Cake\Controller\Controller.php, line 952
Dispatcher::_invoke() - CORE\Cake\Routing\Dispatcher.php, line 194
Dispatcher::dispatch() - CORE\Cake\Routing\Dispatcher.php, line 162
[main] - APP\webroot\index.php, line 111

2017-02-27 15:45:48 Debug: Notice (8): Undefined offset: 1 in [C:\xampp3\htdocs\STRATEGEE\ANALYZER\lib\Cake\View\View.php, line 412]
Trace:
View::element() - CORE\Cake\View\View.php, line 412
SessionHelper::flash() - CORE\Cake\View\Helper\SessionHelper.php, line 147
include - APP\View\Layouts\default.ctp, line 28
View::_evaluate() - CORE\Cake\View\View.php, line 931
View::_render() - CORE\Cake\View\View.php, line 893
View::renderLayout() - CORE\Cake\View\View.php, line 525
View::render() - CORE\Cake\View\View.php, line 470
Controller::render() - CORE\Cake\Controller\Controller.php, line 952
Dispatcher::_invoke() - CORE\Cake\Routing\Dispatcher.php, line 194
Dispatcher::dispatch() - CORE\Cake\Routing\Dispatcher.php, line 162
[main] - APP\webroot\index.php, line 111

2017-02-27 15:45:48 Debug: Notice (1024): Element Not Found: .Elements\.ctp in [C:\xampp3\htdocs\STRATEGEE\ANALYZER\lib\Cake\View\View.php, line 415]
Trace:
View::element() - CORE\Cake\View\View.php, line 415
SessionHelper::flash() - CORE\Cake\View\Helper\SessionHelper.php, line 147
include - APP\View\Layouts\default.ctp, line 28
View::_evaluate() - CORE\Cake\View\View.php, line 931
View::_render() - CORE\Cake\View\View.php, line 893
View::renderLayout() - CORE\Cake\View\View.php, line 525
View::render() - CORE\Cake\View\View.php, line 470
Controller::render() - CORE\Cake\Controller\Controller.php, line 952
Dispatcher::_invoke() - CORE\Cake\Routing\Dispatcher.php, line 194
Dispatcher::dispatch() - CORE\Cake\Routing\Dispatcher.php, line 162
[main] - APP\webroot\index.php, line 111

2017-03-14 14:17:58 Debug: Notice (8): Array to string conversion in [C:\xampp3\htdocs\STRATEGEE\ANALYZER\lib\Cake\View\View.php, line 1087]
Trace:
View::_getElementFileName() - CORE\Cake\View\View.php, line 1087
View::element() - CORE\Cake\View\View.php, line 406
SessionHelper::flash() - CORE\Cake\View\Helper\SessionHelper.php, line 147
include - APP\View\Layouts\default.ctp, line 28
View::_evaluate() - CORE\Cake\View\View.php, line 931
View::_render() - CORE\Cake\View\View.php, line 893
View::renderLayout() - CORE\Cake\View\View.php, line 525
View::render() - CORE\Cake\View\View.php, line 470
Controller::render() - CORE\Cake\Controller\Controller.php, line 952
Dispatcher::_invoke() - CORE\Cake\Routing\Dispatcher.php, line 194
Dispatcher::dispatch() - CORE\Cake\Routing\Dispatcher.php, line 162
[main] - APP\webroot\index.php, line 111

2017-03-14 14:17:58 Debug: Notice (8): Array to string conversion in [C:\xampp3\htdocs\STRATEGEE\ANALYZER\lib\Cake\View\View.php, line 1087]
Trace:
View::_getElementFileName() - CORE\Cake\View\View.php, line 1087
View::element() - CORE\Cake\View\View.php, line 406
SessionHelper::flash() - CORE\Cake\View\Helper\SessionHelper.php, line 147
include - APP\View\Layouts\default.ctp, line 28
View::_evaluate() - CORE\Cake\View\View.php, line 931
View::_render() - CORE\Cake\View\View.php, line 893
View::renderLayout() - CORE\Cake\View\View.php, line 525
View::render() - CORE\Cake\View\View.php, line 470
Controller::render() - CORE\Cake\Controller\Controller.php, line 952
Dispatcher::_invoke() - CORE\Cake\Routing\Dispatcher.php, line 194
Dispatcher::dispatch() - CORE\Cake\Routing\Dispatcher.php, line 162
[main] - APP\webroot\index.php, line 111

2017-03-14 14:17:58 Debug: Notice (8): Array to string conversion in [C:\xampp3\htdocs\STRATEGEE\ANALYZER\lib\Cake\View\View.php, line 1087]
Trace:
View::_getElementFileName() - CORE\Cake\View\View.php, line 1087
View::element() - CORE\Cake\View\View.php, line 406
SessionHelper::flash() - CORE\Cake\View\Helper\SessionHelper.php, line 147
include - APP\View\Layouts\default.ctp, line 28
View::_evaluate() - CORE\Cake\View\View.php, line 931
View::_render() - CORE\Cake\View\View.php, line 893
View::renderLayout() - CORE\Cake\View\View.php, line 525
View::render() - CORE\Cake\View\View.php, line 470
Controller::render() - CORE\Cake\Controller\Controller.php, line 952
Dispatcher::_invoke() - CORE\Cake\Routing\Dispatcher.php, line 194
Dispatcher::dispatch() - CORE\Cake\Routing\Dispatcher.php, line 162
[main] - APP\webroot\index.php, line 111

2017-03-14 14:17:58 Debug: Notice (8): Undefined offset: 0 in [C:\xampp3\htdocs\STRATEGEE\ANALYZER\lib\Cake\basics.php, line 223]
Trace:
pluginSplit - CORE\Cake\basics.php, line 223
View::element() - CORE\Cake\View\View.php, line 412
SessionHelper::flash() - CORE\Cake\View\Helper\SessionHelper.php, line 147
include - APP\View\Layouts\default.ctp, line 28
View::_evaluate() - CORE\Cake\View\View.php, line 931
View::_render() - CORE\Cake\View\View.php, line 893
View::renderLayout() - CORE\Cake\View\View.php, line 525
View::render() - CORE\Cake\View\View.php, line 470
Controller::render() - CORE\Cake\Controller\Controller.php, line 952
Dispatcher::_invoke() - CORE\Cake\Routing\Dispatcher.php, line 194
Dispatcher::dispatch() - CORE\Cake\Routing\Dispatcher.php, line 162
[main] - APP\webroot\index.php, line 111

2017-03-14 14:17:58 Debug: Notice (8): Undefined offset: 1 in [C:\xampp3\htdocs\STRATEGEE\ANALYZER\lib\Cake\View\View.php, line 412]
Trace:
View::element() - CORE\Cake\View\View.php, line 412
SessionHelper::flash() - CORE\Cake\View\Helper\SessionHelper.php, line 147
include - APP\View\Layouts\default.ctp, line 28
View::_evaluate() - CORE\Cake\View\View.php, line 931
View::_render() - CORE\Cake\View\View.php, line 893
View::renderLayout() - CORE\Cake\View\View.php, line 525
View::render() - CORE\Cake\View\View.php, line 470
Controller::render() - CORE\Cake\Controller\Controller.php, line 952
Dispatcher::_invoke() - CORE\Cake\Routing\Dispatcher.php, line 194
Dispatcher::dispatch() - CORE\Cake\Routing\Dispatcher.php, line 162
[main] - APP\webroot\index.php, line 111

2017-03-14 14:17:58 Debug: Notice (1024): Element Not Found: .Elements\.ctp in [C:\xampp3\htdocs\STRATEGEE\ANALYZER\lib\Cake\View\View.php, line 415]
Trace:
View::element() - CORE\Cake\View\View.php, line 415
SessionHelper::flash() - CORE\Cake\View\Helper\SessionHelper.php, line 147
include - APP\View\Layouts\default.ctp, line 28
View::_evaluate() - CORE\Cake\View\View.php, line 931
View::_render() - CORE\Cake\View\View.php, line 893
View::renderLayout() - CORE\Cake\View\View.php, line 525
View::render() - CORE\Cake\View\View.php, line 470
Controller::render() - CORE\Cake\Controller\Controller.php, line 952
Dispatcher::_invoke() - CORE\Cake\Routing\Dispatcher.php, line 194
Dispatcher::dispatch() - CORE\Cake\Routing\Dispatcher.php, line 162
[main] - APP\webroot\index.php, line 111

2017-07-26 22:21:38 Notice: Notice (8): Array to string conversion in [/Applications/XAMPP/xamppfiles/htdocs/AnalyzerV/lib/Cake/View/View.php, line 1087]
Trace:
View::_getElementFileName() - CORE/Cake/View/View.php, line 1087
View::element() - CORE/Cake/View/View.php, line 406
SessionHelper::flash() - CORE/Cake/View/Helper/SessionHelper.php, line 147
include - APP/View/Layouts/default.ctp, line 28
View::_evaluate() - CORE/Cake/View/View.php, line 931
View::_render() - CORE/Cake/View/View.php, line 893
View::renderLayout() - CORE/Cake/View/View.php, line 525
View::render() - CORE/Cake/View/View.php, line 470
Controller::render() - CORE/Cake/Controller/Controller.php, line 952
Dispatcher::_invoke() - CORE/Cake/Routing/Dispatcher.php, line 194
Dispatcher::dispatch() - CORE/Cake/Routing/Dispatcher.php, line 162
[main] - APP/webroot/index.php, line 111

2017-07-26 22:21:38 Notice: Notice (8): Array to string conversion in [/Applications/XAMPP/xamppfiles/htdocs/AnalyzerV/lib/Cake/View/View.php, line 1087]
Trace:
View::_getElementFileName() - CORE/Cake/View/View.php, line 1087
View::element() - CORE/Cake/View/View.php, line 406
SessionHelper::flash() - CORE/Cake/View/Helper/SessionHelper.php, line 147
include - APP/View/Layouts/default.ctp, line 28
View::_evaluate() - CORE/Cake/View/View.php, line 931
View::_render() - CORE/Cake/View/View.php, line 893
View::renderLayout() - CORE/Cake/View/View.php, line 525
View::render() - CORE/Cake/View/View.php, line 470
Controller::render() - CORE/Cake/Controller/Controller.php, line 952
Dispatcher::_invoke() - CORE/Cake/Routing/Dispatcher.php, line 194
Dispatcher::dispatch() - CORE/Cake/Routing/Dispatcher.php, line 162
[main] - APP/webroot/index.php, line 111

2017-07-26 22:21:38 Notice: Notice (8): Array to string conversion in [/Applications/XAMPP/xamppfiles/htdocs/AnalyzerV/lib/Cake/View/View.php, line 1087]
Trace:
View::_getElementFileName() - CORE/Cake/View/View.php, line 1087
View::element() - CORE/Cake/View/View.php, line 406
SessionHelper::flash() - CORE/Cake/View/Helper/SessionHelper.php, line 147
include - APP/View/Layouts/default.ctp, line 28
View::_evaluate() - CORE/Cake/View/View.php, line 931
View::_render() - CORE/Cake/View/View.php, line 893
View::renderLayout() - CORE/Cake/View/View.php, line 525
View::render() - CORE/Cake/View/View.php, line 470
Controller::render() - CORE/Cake/Controller/Controller.php, line 952
Dispatcher::_invoke() - CORE/Cake/Routing/Dispatcher.php, line 194
Dispatcher::dispatch() - CORE/Cake/Routing/Dispatcher.php, line 162
[main] - APP/webroot/index.php, line 111

2017-07-26 22:21:38 Notice: Notice (8): Undefined offset: 0 in [/Applications/XAMPP/xamppfiles/htdocs/AnalyzerV/lib/Cake/basics.php, line 223]
Trace:
pluginSplit - CORE/Cake/basics.php, line 223
View::element() - CORE/Cake/View/View.php, line 412
SessionHelper::flash() - CORE/Cake/View/Helper/SessionHelper.php, line 147
include - APP/View/Layouts/default.ctp, line 28
View::_evaluate() - CORE/Cake/View/View.php, line 931
View::_render() - CORE/Cake/View/View.php, line 893
View::renderLayout() - CORE/Cake/View/View.php, line 525
View::render() - CORE/Cake/View/View.php, line 470
Controller::render() - CORE/Cake/Controller/Controller.php, line 952
Dispatcher::_invoke() - CORE/Cake/Routing/Dispatcher.php, line 194
Dispatcher::dispatch() - CORE/Cake/Routing/Dispatcher.php, line 162
[main] - APP/webroot/index.php, line 111

2017-07-26 22:21:38 Notice: Notice (8): Undefined offset: 1 in [/Applications/XAMPP/xamppfiles/htdocs/AnalyzerV/lib/Cake/View/View.php, line 412]
Trace:
View::element() - CORE/Cake/View/View.php, line 412
SessionHelper::flash() - CORE/Cake/View/Helper/SessionHelper.php, line 147
include - APP/View/Layouts/default.ctp, line 28
View::_evaluate() - CORE/Cake/View/View.php, line 931
View::_render() - CORE/Cake/View/View.php, line 893
View::renderLayout() - CORE/Cake/View/View.php, line 525
View::render() - CORE/Cake/View/View.php, line 470
Controller::render() - CORE/Cake/Controller/Controller.php, line 952
Dispatcher::_invoke() - CORE/Cake/Routing/Dispatcher.php, line 194
Dispatcher::dispatch() - CORE/Cake/Routing/Dispatcher.php, line 162
[main] - APP/webroot/index.php, line 111

2017-07-26 22:21:38 Notice: Notice (1024): Element Not Found: .Elements/.ctp in [/Applications/XAMPP/xamppfiles/htdocs/AnalyzerV/lib/Cake/View/View.php, line 415]
Trace:
View::element() - CORE/Cake/View/View.php, line 415
SessionHelper::flash() - CORE/Cake/View/Helper/SessionHelper.php, line 147
include - APP/View/Layouts/default.ctp, line 28
View::_evaluate() - CORE/Cake/View/View.php, line 931
View::_render() - CORE/Cake/View/View.php, line 893
View::renderLayout() - CORE/Cake/View/View.php, line 525
View::render() - CORE/Cake/View/View.php, line 470
Controller::render() - CORE/Cake/Controller/Controller.php, line 952
Dispatcher::_invoke() - CORE/Cake/Routing/Dispatcher.php, line 194
Dispatcher::dispatch() - CORE/Cake/Routing/Dispatcher.php, line 162
[main] - APP/webroot/index.php, line 111

2017-07-26 22:24:50 Notice: Notice (8): Array to string conversion in [/Applications/XAMPP/xamppfiles/htdocs/AnalyzerV/lib/Cake/View/View.php, line 1087]
Trace:
View::_getElementFileName() - CORE/Cake/View/View.php, line 1087
View::element() - CORE/Cake/View/View.php, line 406
SessionHelper::flash() - CORE/Cake/View/Helper/SessionHelper.php, line 147
include - APP/View/Layouts/default.ctp, line 28
View::_evaluate() - CORE/Cake/View/View.php, line 931
View::_render() - CORE/Cake/View/View.php, line 893
View::renderLayout() - CORE/Cake/View/View.php, line 525
View::render() - CORE/Cake/View/View.php, line 470
Controller::render() - CORE/Cake/Controller/Controller.php, line 952
Dispatcher::_invoke() - CORE/Cake/Routing/Dispatcher.php, line 194
Dispatcher::dispatch() - CORE/Cake/Routing/Dispatcher.php, line 162
[main] - APP/webroot/index.php, line 111

2017-07-26 22:24:50 Notice: Notice (8): Array to string conversion in [/Applications/XAMPP/xamppfiles/htdocs/AnalyzerV/lib/Cake/View/View.php, line 1087]
Trace:
View::_getElementFileName() - CORE/Cake/View/View.php, line 1087
View::element() - CORE/Cake/View/View.php, line 406
SessionHelper::flash() - CORE/Cake/View/Helper/SessionHelper.php, line 147
include - APP/View/Layouts/default.ctp, line 28
View::_evaluate() - CORE/Cake/View/View.php, line 931
View::_render() - CORE/Cake/View/View.php, line 893
View::renderLayout() - CORE/Cake/View/View.php, line 525
View::render() - CORE/Cake/View/View.php, line 470
Controller::render() - CORE/Cake/Controller/Controller.php, line 952
Dispatcher::_invoke() - CORE/Cake/Routing/Dispatcher.php, line 194
Dispatcher::dispatch() - CORE/Cake/Routing/Dispatcher.php, line 162
[main] - APP/webroot/index.php, line 111

2017-07-26 22:24:50 Notice: Notice (8): Array to string conversion in [/Applications/XAMPP/xamppfiles/htdocs/AnalyzerV/lib/Cake/View/View.php, line 1087]
Trace:
View::_getElementFileName() - CORE/Cake/View/View.php, line 1087
View::element() - CORE/Cake/View/View.php, line 406
SessionHelper::flash() - CORE/Cake/View/Helper/SessionHelper.php, line 147
include - APP/View/Layouts/default.ctp, line 28
View::_evaluate() - CORE/Cake/View/View.php, line 931
View::_render() - CORE/Cake/View/View.php, line 893
View::renderLayout() - CORE/Cake/View/View.php, line 525
View::render() - CORE/Cake/View/View.php, line 470
Controller::render() - CORE/Cake/Controller/Controller.php, line 952
Dispatcher::_invoke() - CORE/Cake/Routing/Dispatcher.php, line 194
Dispatcher::dispatch() - CORE/Cake/Routing/Dispatcher.php, line 162
[main] - APP/webroot/index.php, line 111

2017-07-26 22:24:50 Notice: Notice (8): Undefined offset: 0 in [/Applications/XAMPP/xamppfiles/htdocs/AnalyzerV/lib/Cake/basics.php, line 223]
Trace:
pluginSplit - CORE/Cake/basics.php, line 223
View::element() - CORE/Cake/View/View.php, line 412
SessionHelper::flash() - CORE/Cake/View/Helper/SessionHelper.php, line 147
include - APP/View/Layouts/default.ctp, line 28
View::_evaluate() - CORE/Cake/View/View.php, line 931
View::_render() - CORE/Cake/View/View.php, line 893
View::renderLayout() - CORE/Cake/View/View.php, line 525
View::render() - CORE/Cake/View/View.php, line 470
Controller::render() - CORE/Cake/Controller/Controller.php, line 952
Dispatcher::_invoke() - CORE/Cake/Routing/Dispatcher.php, line 194
Dispatcher::dispatch() - CORE/Cake/Routing/Dispatcher.php, line 162
[main] - APP/webroot/index.php, line 111

2017-07-26 22:24:50 Notice: Notice (8): Undefined offset: 1 in [/Applications/XAMPP/xamppfiles/htdocs/AnalyzerV/lib/Cake/View/View.php, line 412]
Trace:
View::element() - CORE/Cake/View/View.php, line 412
SessionHelper::flash() - CORE/Cake/View/Helper/SessionHelper.php, line 147
include - APP/View/Layouts/default.ctp, line 28
View::_evaluate() - CORE/Cake/View/View.php, line 931
View::_render() - CORE/Cake/View/View.php, line 893
View::renderLayout() - CORE/Cake/View/View.php, line 525
View::render() - CORE/Cake/View/View.php, line 470
Controller::render() - CORE/Cake/Controller/Controller.php, line 952
Dispatcher::_invoke() - CORE/Cake/Routing/Dispatcher.php, line 194
Dispatcher::dispatch() - CORE/Cake/Routing/Dispatcher.php, line 162
[main] - APP/webroot/index.php, line 111

2017-07-26 22:24:50 Notice: Notice (1024): Element Not Found: .Elements/.ctp in [/Applications/XAMPP/xamppfiles/htdocs/AnalyzerV/lib/Cake/View/View.php, line 415]
Trace:
View::element() - CORE/Cake/View/View.php, line 415
SessionHelper::flash() - CORE/Cake/View/Helper/SessionHelper.php, line 147
include - APP/View/Layouts/default.ctp, line 28
View::_evaluate() - CORE/Cake/View/View.php, line 931
View::_render() - CORE/Cake/View/View.php, line 893
View::renderLayout() - CORE/Cake/View/View.php, line 525
View::render() - CORE/Cake/View/View.php, line 470
Controller::render() - CORE/Cake/Controller/Controller.php, line 952
Dispatcher::_invoke() - CORE/Cake/Routing/Dispatcher.php, line 194
Dispatcher::dispatch() - CORE/Cake/Routing/Dispatcher.php, line 162
[main] - APP/webroot/index.php, line 111

2017-07-26 21:41:33 Notice: Notice (8): Array to string conversion in [/home/strategee/analyzer.strategee.us/lib/Cake/View/View.php, line 1087]
Trace:
View::_getElementFileName() - CORE/Cake/View/View.php, line 1087
View::element() - CORE/Cake/View/View.php, line 406
SessionHelper::flash() - CORE/Cake/View/Helper/SessionHelper.php, line 147
include - APP/View/Layouts/default.ctp, line 28
View::_evaluate() - CORE/Cake/View/View.php, line 931
View::_render() - CORE/Cake/View/View.php, line 893
View::renderLayout() - CORE/Cake/View/View.php, line 525
View::render() - CORE/Cake/View/View.php, line 470
Controller::render() - CORE/Cake/Controller/Controller.php, line 952
Dispatcher::_invoke() - CORE/Cake/Routing/Dispatcher.php, line 194
Dispatcher::dispatch() - CORE/Cake/Routing/Dispatcher.php, line 162
[main] - APP/webroot/index.php, line 111

2017-07-26 21:41:33 Notice: Notice (8): Array to string conversion in [/home/strategee/analyzer.strategee.us/lib/Cake/View/View.php, line 1087]
Trace:
View::_getElementFileName() - CORE/Cake/View/View.php, line 1087
View::element() - CORE/Cake/View/View.php, line 406
SessionHelper::flash() - CORE/Cake/View/Helper/SessionHelper.php, line 147
include - APP/View/Layouts/default.ctp, line 28
View::_evaluate() - CORE/Cake/View/View.php, line 931
View::_render() - CORE/Cake/View/View.php, line 893
View::renderLayout() - CORE/Cake/View/View.php, line 525
View::render() - CORE/Cake/View/View.php, line 470
Controller::render() - CORE/Cake/Controller/Controller.php, line 952
Dispatcher::_invoke() - CORE/Cake/Routing/Dispatcher.php, line 194
Dispatcher::dispatch() - CORE/Cake/Routing/Dispatcher.php, line 162
[main] - APP/webroot/index.php, line 111

2017-07-26 21:41:33 Notice: Notice (8): Array to string conversion in [/home/strategee/analyzer.strategee.us/lib/Cake/View/View.php, line 1087]
Trace:
View::_getElementFileName() - CORE/Cake/View/View.php, line 1087
View::element() - CORE/Cake/View/View.php, line 406
SessionHelper::flash() - CORE/Cake/View/Helper/SessionHelper.php, line 147
include - APP/View/Layouts/default.ctp, line 28
View::_evaluate() - CORE/Cake/View/View.php, line 931
View::_render() - CORE/Cake/View/View.php, line 893
View::renderLayout() - CORE/Cake/View/View.php, line 525
View::render() - CORE/Cake/View/View.php, line 470
Controller::render() - CORE/Cake/Controller/Controller.php, line 952
Dispatcher::_invoke() - CORE/Cake/Routing/Dispatcher.php, line 194
Dispatcher::dispatch() - CORE/Cake/Routing/Dispatcher.php, line 162
[main] - APP/webroot/index.php, line 111

2017-07-26 21:41:33 Notice: Notice (8): Undefined offset: 0 in [/home/strategee/analyzer.strategee.us/lib/Cake/basics.php, line 223]
Trace:
pluginSplit - CORE/Cake/basics.php, line 223
View::element() - CORE/Cake/View/View.php, line 412
SessionHelper::flash() - CORE/Cake/View/Helper/SessionHelper.php, line 147
include - APP/View/Layouts/default.ctp, line 28
View::_evaluate() - CORE/Cake/View/View.php, line 931
View::_render() - CORE/Cake/View/View.php, line 893
View::renderLayout() - CORE/Cake/View/View.php, line 525
View::render() - CORE/Cake/View/View.php, line 470
Controller::render() - CORE/Cake/Controller/Controller.php, line 952
Dispatcher::_invoke() - CORE/Cake/Routing/Dispatcher.php, line 194
Dispatcher::dispatch() - CORE/Cake/Routing/Dispatcher.php, line 162
[main] - APP/webroot/index.php, line 111

2017-07-26 21:41:33 Notice: Notice (8): Undefined offset: 1 in [/home/strategee/analyzer.strategee.us/lib/Cake/View/View.php, line 412]
Trace:
View::element() - CORE/Cake/View/View.php, line 412
SessionHelper::flash() - CORE/Cake/View/Helper/SessionHelper.php, line 147
include - APP/View/Layouts/default.ctp, line 28
View::_evaluate() - CORE/Cake/View/View.php, line 931
View::_render() - CORE/Cake/View/View.php, line 893
View::renderLayout() - CORE/Cake/View/View.php, line 525
View::render() - CORE/Cake/View/View.php, line 470
Controller::render() - CORE/Cake/Controller/Controller.php, line 952
Dispatcher::_invoke() - CORE/Cake/Routing/Dispatcher.php, line 194
Dispatcher::dispatch() - CORE/Cake/Routing/Dispatcher.php, line 162
[main] - APP/webroot/index.php, line 111

2017-07-26 21:41:33 Notice: Notice (1024): Element Not Found: .Elements/.ctp in [/home/strategee/analyzer.strategee.us/lib/Cake/View/View.php, line 415]
Trace:
View::element() - CORE/Cake/View/View.php, line 415
SessionHelper::flash() - CORE/Cake/View/Helper/SessionHelper.php, line 147
include - APP/View/Layouts/default.ctp, line 28
View::_evaluate() - CORE/Cake/View/View.php, line 931
View::_render() - CORE/Cake/View/View.php, line 893
View::renderLayout() - CORE/Cake/View/View.php, line 525
View::render() - CORE/Cake/View/View.php, line 470
Controller::render() - CORE/Cake/Controller/Controller.php, line 952
Dispatcher::_invoke() - CORE/Cake/Routing/Dispatcher.php, line 194
Dispatcher::dispatch() - CORE/Cake/Routing/Dispatcher.php, line 162
[main] - APP/webroot/index.php, line 111

